[INFO] Scanning for projects...
[INFO] 
[INFO] ---------------------< com.wallet:digital-wallet >----------------------
[INFO] Building digital-wallet 0.0.1-SNAPSHOT
[INFO]   from pom.xml
[INFO] --------------------------------[ jar ]---------------------------------
[INFO] 
[INFO] >>> spring-boot:3.5.9:run (default-cli) > test-compile @ digital-wallet >>>
[INFO] 
[INFO] --- resources:3.3.1:resources (default-resources) @ digital-wallet ---
[INFO] Copying 2 resources from src\main\resources to target\classes
[INFO] Copying 0 resource from src\main\resources to target\classes
[INFO] 
[INFO] --- compiler:3.14.1:compile (default-compile) @ digital-wallet ---
[INFO] Nothing to compile - all classes are up to date.
[INFO] 
[INFO] --- resources:3.3.1:testResources (default-testResources) @ digital-wallet ---
[INFO] skip non existing resourceDirectory C:\Users\njomo\Documents\RiverBank Solutions\digital-wallet-springboot\src\test\resources
[INFO] 
[INFO] --- compiler:3.14.1:testCompile (default-testCompile) @ digital-wallet ---
[INFO] Nothing to compile - all classes are up to date.
[INFO] 
[INFO] <<< spring-boot:3.5.9:run (default-cli) < test-compile @ digital-wallet <<<
[INFO] 
[INFO] 
[INFO] --- spring-boot:3.5.9:run (default-cli) @ digital-wallet ---
[INFO] Attaching agents: []

  .   ____          _            __ _ _
 /\\ / ___'_ __ _ _(_)_ __  __ _ \ \ \ \
( ( )\___ | '_ | '_| | '_ \/ _` | \ \ \ \
 \\/  ___)| |_)| | | | | || (_| |  ) ) ) )
  '  |____| .__|_| |_|_| |_\__, | / / / /
 =========|_|==============|___/=/_/_/_/

 :: Spring Boot ::                (v3.5.9)

2026-02-25T10:11:10.482+03:00  INFO 177784 --- [digital-wallet] [  restartedMain] c.w.d.DigitalWalletApplication           : Starting DigitalWalletApplication using Java 23.0.2 with PID 177784 (C:\Users\njomo\Documents\RiverBank Solutions\digital-wallet-springboot\target\classes started by JMN in C:\Users\njomo\Documents\RiverBank Solutions\digital-wallet-springboot)
2026-02-25T10:11:10.502+03:00  INFO 177784 --- [digital-wallet] [  restartedMain] c.w.d.DigitalWalletApplication           : No active profile set, falling back to 1 default profile: "default"
2026-02-25T10:11:10.639+03:00  INFO 177784 --- [digital-wallet] [  restartedMain] .e.DevToolsPropertyDefaultsPostProcessor : Devtools property defaults active! Set 'spring.devtools.add-properties' to 'false' to disable
2026-02-25T10:11:10.640+03:00  INFO 177784 --- [digital-wallet] [  restartedMain] .e.DevToolsPropertyDefaultsPostProcessor : For additional web related logging consider setting the 'logging.level.web' property to 'DEBUG'
2026-02-25T10:11:14.020+03:00  INFO 177784 --- [digital-wallet] [  restartedMain] .s.d.r.c.RepositoryConfigurationDelegate : Bootstrapping Spring Data JPA repositories in DEFAULT mode.
2026-02-25T10:11:14.211+03:00  INFO 177784 --- [digital-wallet] [  restartedMain] .s.d.r.c.RepositoryConfigurationDelegate : Finished Spring Data repository scanning in 168 ms. Found 4 JPA repository interfaces.
2026-02-25T10:11:15.628+03:00  INFO 177784 --- [digital-wallet] [  restartedMain] o.s.b.w.embedded.tomcat.TomcatWebServer  : Tomcat initialized with port 8080 (http)
2026-02-25T10:11:15.685+03:00  INFO 177784 --- [digital-wallet] [  restartedMain] o.apache.catalina.core.StandardService   : Starting service [Tomcat]
2026-02-25T10:11:15.686+03:00  INFO 177784 --- [digital-wallet] [  restartedMain] o.apache.catalina.core.StandardEngine    : Starting Servlet engine: [Apache Tomcat/10.1.50]
2026-02-25T10:11:16.031+03:00  INFO 177784 --- [digital-wallet] [  restartedMain] o.a.c.c.C.[Tomcat].[localhost].[/]       : Initializing Spring embedded WebApplicationContext
2026-02-25T10:11:16.035+03:00  INFO 177784 --- [digital-wallet] [  restartedMain] w.s.c.ServletWebServerApplicationContext : Root WebApplicationContext: initialization completed in 5390 ms
2026-02-25T10:11:16.597+03:00  INFO 177784 --- [digital-wallet] [  restartedMain] o.hibernate.jpa.internal.util.LogHelper  : HHH000204: Processing PersistenceUnitInfo [name: default]
2026-02-25T10:11:16.726+03:00  INFO 177784 --- [digital-wallet] [  restartedMain] org.hibernate.Version                    : HHH000412: Hibernate ORM core version 6.6.39.Final
2026-02-25T10:11:16.822+03:00  INFO 177784 --- [digital-wallet] [  restartedMain] o.h.c.internal.RegionFactoryInitiator    : HHH000026: Second-level cache disabled
2026-02-25T10:11:17.580+03:00  INFO 177784 --- [digital-wallet] [  restartedMain] o.s.o.j.p.SpringPersistenceUnitInfo      : No LoadTimeWeaver setup: ignoring JPA class transformer
2026-02-25T10:11:17.647+03:00  INFO 177784 --- [digital-wallet] [  restartedMain] com.zaxxer.hikari.HikariDataSource       : HikariPool-1 - Starting...
2026-02-25T10:11:19.145+03:00  INFO 177784 --- [digital-wallet] [  restartedMain] com.zaxxer.hikari.pool.HikariPool        : HikariPool-1 - Added connection org.postgresql.jdbc.PgConnection@2ead524a
2026-02-25T10:11:19.149+03:00  INFO 177784 --- [digital-wallet] [  restartedMain] com.zaxxer.hikari.HikariDataSource       : HikariPool-1 - Start completed.
2026-02-25T10:11:19.386+03:00  WARN 177784 --- [digital-wallet] [  restartedMain] org.hibernate.orm.deprecation            : HHH90000025: PostgreSQLDialect does not need to be specified explicitly using 'hibernate.dialect' (remove the property setting and it will be selected by default)
2026-02-25T10:11:19.476+03:00  INFO 177784 --- [digital-wallet] [  restartedMain] org.hibernate.orm.connections.pooling    : HHH10001005: Database info:
	Database JDBC URL [Connecting through datasource 'HikariDataSource (HikariPool-1)']
	Database driver: undefined/unknown
	Database version: 18.1
	Autocommit mode: undefined/unknown
	Isolation level: undefined/unknown
	Minimum pool size: undefined/unknown
	Maximum pool size: undefined/unknown
2026-02-25T10:11:21.963+03:00  INFO 177784 --- [digital-wallet] [  restartedMain] o.h.e.t.j.p.i.JtaPlatformInitiator       : HHH000489: No JTA platform available (set 'hibernate.transaction.jta.platform' to enable JTA platform integration)
2026-02-25T10:11:23.180+03:00  INFO 177784 --- [digital-wallet] [  restartedMain] j.LocalContainerEntityManagerFactoryBean : Initialized JPA EntityManagerFactory for persistence unit 'default'
2026-02-25T10:11:24.177+03:00  INFO 177784 --- [digital-wallet] [  restartedMain] o.s.d.j.r.query.QueryEnhancerFactory     : Hibernate is in classpath; If applicable, HQL parser will be used.
2026-02-25T10:11:26.956+03:00  INFO 177784 --- [digital-wallet] [  restartedMain] r$InitializeUserDetailsManagerConfigurer : Global AuthenticationManager configured with UserDetailsService bean with name userService
2026-02-25T10:11:28.969+03:00  INFO 177784 --- [digital-wallet] [  restartedMain] o.s.b.a.e.web.EndpointLinksResolver      : Exposing 2 endpoints beneath base path '/actuator'
2026-02-25T10:11:30.693+03:00  INFO 177784 --- [digital-wallet] [  restartedMain] o.s.b.d.a.OptionalLiveReloadServer       : LiveReload server is running on port 35729
2026-02-25T10:11:30.986+03:00  WARN 177784 --- [digital-wallet] [  restartedMain] ConfigServletWebServerApplicationContext : Exception encountered during context initialization - cancelling refresh attempt: org.springframework.context.ApplicationContextException: Failed to start bean 'webServerStartStop'
2026-02-25T10:11:31.032+03:00  INFO 177784 --- [digital-wallet] [  restartedMain] j.LocalContainerEntityManagerFactoryBean : Closing JPA EntityManagerFactory for persistence unit 'default'
2026-02-25T10:11:31.102+03:00  INFO 177784 --- [digital-wallet] [  restartedMain] com.zaxxer.hikari.HikariDataSource       : HikariPool-1 - Shutdown initiated...
2026-02-25T10:11:31.135+03:00  INFO 177784 --- [digital-wallet] [  restartedMain] com.zaxxer.hikari.HikariDataSource       : HikariPool-1 - Shutdown completed.
2026-02-25T10:11:31.240+03:00  INFO 177784 --- [digital-wallet] [  restartedMain] .s.b.a.l.ConditionEvaluationReportLogger : 

Error starting ApplicationContext. To display the condition evaluation report re-run your application with 'debug' enabled.
2026-02-25T10:11:31.332+03:00 ERROR 177784 --- [digital-wallet] [  restartedMain] o.s.b.d.LoggingFailureAnalysisReporter   : 

***************************
APPLICATION FAILED TO START
***************************

Description:

Web server failed to start. Port 8080 was already in use.

Action:

Identify and stop the process that's listening on port 8080 or configure this application to listen on another port.

[INFO] ------------------------------------------------------------------------
[INFO] BUILD SUCCESS
[INFO] ------------------------------------------------------------------------
[INFO] Total time:  34.625 s
[INFO] Finished at: 2026-02-25T10:11:32+03:00
[INFO] ------------------------------------------------------------------------
