[INFO] Scanning for projects...
[INFO] 
[INFO] ---------------------< com.wallet:digital-wallet >----------------------
[INFO] Building digital-wallet 0.0.1-SNAPSHOT
[INFO]   from pom.xml
[INFO] --------------------------------[ jar ]---------------------------------
[INFO] 
[INFO] >>> spring-boot:3.5.9:run (default-cli) > test-compile @ digital-wallet >>>
[INFO] 
[INFO] --- resources:3.3.1:resources (default-resources) @ digital-wallet ---
[INFO] Copying 2 resources from src\main\resources to target\classes
[INFO] Copying 0 resource from src\main\resources to target\classes
[INFO] 
[INFO] --- compiler:3.14.1:compile (default-compile) @ digital-wallet ---
[INFO] Nothing to compile - all classes are up to date.
[INFO] 
[INFO] --- resources:3.3.1:testResources (default-testResources) @ digital-wallet ---
[INFO] skip non existing resourceDirectory C:\Users\njomo\Documents\RiverBank Solutions\digital-wallet-springboot\src\test\resources
[INFO] 
[INFO] --- compiler:3.14.1:testCompile (default-testCompile) @ digital-wallet ---
[INFO] Nothing to compile - all classes are up to date.
[INFO] 
[INFO] <<< spring-boot:3.5.9:run (default-cli) < test-compile @ digital-wallet <<<
[INFO] 
[INFO] 
[INFO] --- spring-boot:3.5.9:run (default-cli) @ digital-wallet ---
[INFO] Attaching agents: []

  .   ____          _            __ _ _
 /\\ / ___'_ __ _ _(_)_ __  __ _ \ \ \ \
( ( )\___ | '_ | '_| | '_ \/ _` | \ \ \ \
 \\/  ___)| |_)| | | | | || (_| |  ) ) ) )
  '  |____| .__|_| |_|_| |_\__, | / / / /
 =========|_|==============|___/=/_/_/_/

 :: Spring Boot ::                (v3.5.9)

2026-02-25T10:16:12.434+03:00  INFO 181240 --- [digital-wallet] [  restartedMain] c.w.d.DigitalWalletApplication           : Starting DigitalWalletApplication using Java 23.0.2 with PID 181240 (C:\Users\njomo\Documents\RiverBank Solutions\digital-wallet-springboot\target\classes started by JMN in C:\Users\njomo\Documents\RiverBank Solutions\digital-wallet-springboot)
2026-02-25T10:16:12.441+03:00  INFO 181240 --- [digital-wallet] [  restartedMain] c.w.d.DigitalWalletApplication           : No active profile set, falling back to 1 default profile: "default"
2026-02-25T10:16:12.622+03:00  INFO 181240 --- [digital-wallet] [  restartedMain] .e.DevToolsPropertyDefaultsPostProcessor : Devtools property defaults active! Set 'spring.devtools.add-properties' to 'false' to disable
2026-02-25T10:16:12.623+03:00  INFO 181240 --- [digital-wallet] [  restartedMain] .e.DevToolsPropertyDefaultsPostProcessor : For additional web related logging consider setting the 'logging.level.web' property to 'DEBUG'
2026-02-25T10:16:16.304+03:00  INFO 181240 --- [digital-wallet] [  restartedMain] .s.d.r.c.RepositoryConfigurationDelegate : Bootstrapping Spring Data JPA repositories in DEFAULT mode.
2026-02-25T10:16:16.490+03:00  INFO 181240 --- [digital-wallet] [  restartedMain] .s.d.r.c.RepositoryConfigurationDelegate : Finished Spring Data repository scanning in 164 ms. Found 4 JPA repository interfaces.
2026-02-25T10:16:17.874+03:00  INFO 181240 --- [digital-wallet] [  restartedMain] o.s.b.w.embedded.tomcat.TomcatWebServer  : Tomcat initialized with port 8081 (http)
2026-02-25T10:16:17.918+03:00  INFO 181240 --- [digital-wallet] [  restartedMain] o.apache.catalina.core.StandardService   : Starting service [Tomcat]
2026-02-25T10:16:17.919+03:00  INFO 181240 --- [digital-wallet] [  restartedMain] o.apache.catalina.core.StandardEngine    : Starting Servlet engine: [Apache Tomcat/10.1.50]
2026-02-25T10:16:18.058+03:00  INFO 181240 --- [digital-wallet] [  restartedMain] o.a.c.c.C.[Tomcat].[localhost].[/]       : Initializing Spring embedded WebApplicationContext
2026-02-25T10:16:18.062+03:00  INFO 181240 --- [digital-wallet] [  restartedMain] w.s.c.ServletWebServerApplicationContext : Root WebApplicationContext: initialization completed in 5433 ms
2026-02-25T10:16:18.604+03:00  INFO 181240 --- [digital-wallet] [  restartedMain] o.hibernate.jpa.internal.util.LogHelper  : HHH000204: Processing PersistenceUnitInfo [name: default]
2026-02-25T10:16:18.749+03:00  INFO 181240 --- [digital-wallet] [  restartedMain] org.hibernate.Version                    : HHH000412: Hibernate ORM core version 6.6.39.Final
2026-02-25T10:16:18.853+03:00  INFO 181240 --- [digital-wallet] [  restartedMain] o.h.c.internal.RegionFactoryInitiator    : HHH000026: Second-level cache disabled
2026-02-25T10:16:19.580+03:00  INFO 181240 --- [digital-wallet] [  restartedMain] o.s.o.j.p.SpringPersistenceUnitInfo      : No LoadTimeWeaver setup: ignoring JPA class transformer
2026-02-25T10:16:19.666+03:00  INFO 181240 --- [digital-wallet] [  restartedMain] com.zaxxer.hikari.HikariDataSource       : HikariPool-1 - Starting...
2026-02-25T10:16:20.122+03:00  INFO 181240 --- [digital-wallet] [  restartedMain] com.zaxxer.hikari.pool.HikariPool        : HikariPool-1 - Added connection org.postgresql.jdbc.PgConnection@43ef316
2026-02-25T10:16:20.128+03:00  INFO 181240 --- [digital-wallet] [  restartedMain] com.zaxxer.hikari.HikariDataSource       : HikariPool-1 - Start completed.
2026-02-25T10:16:20.202+03:00  WARN 181240 --- [digital-wallet] [  restartedMain] org.hibernate.orm.deprecation            : HHH90000025: PostgreSQLDialect does not need to be specified explicitly using 'hibernate.dialect' (remove the property setting and it will be selected by default)
2026-02-25T10:16:20.251+03:00  INFO 181240 --- [digital-wallet] [  restartedMain] org.hibernate.orm.connections.pooling    : HHH10001005: Database info:
	Database JDBC URL [Connecting through datasource 'HikariDataSource (HikariPool-1)']
	Database driver: undefined/unknown
	Database version: 18.1
	Autocommit mode: undefined/unknown
	Isolation level: undefined/unknown
	Minimum pool size: undefined/unknown
	Maximum pool size: undefined/unknown
2026-02-25T10:16:22.706+03:00  INFO 181240 --- [digital-wallet] [  restartedMain] o.h.e.t.j.p.i.JtaPlatformInitiator       : HHH000489: No JTA platform available (set 'hibernate.transaction.jta.platform' to enable JTA platform integration)
2026-02-25T10:16:22.992+03:00  INFO 181240 --- [digital-wallet] [  restartedMain] j.LocalContainerEntityManagerFactoryBean : Initialized JPA EntityManagerFactory for persistence unit 'default'
2026-02-25T10:16:23.578+03:00  INFO 181240 --- [digital-wallet] [  restartedMain] o.s.d.j.r.query.QueryEnhancerFactory     : Hibernate is in classpath; If applicable, HQL parser will be used.
2026-02-25T10:16:25.510+03:00  INFO 181240 --- [digital-wallet] [  restartedMain] r$InitializeUserDetailsManagerConfigurer : Global AuthenticationManager configured with UserDetailsService bean with name userService
2026-02-25T10:16:26.547+03:00  INFO 181240 --- [digital-wallet] [  restartedMain] o.s.b.a.e.web.EndpointLinksResolver      : Exposing 2 endpoints beneath base path '/actuator'
2026-02-25T10:16:27.638+03:00  INFO 181240 --- [digital-wallet] [  restartedMain] o.s.b.d.a.OptionalLiveReloadServer       : LiveReload server is running on port 35729
2026-02-25T10:16:27.812+03:00  INFO 181240 --- [digital-wallet] [  restartedMain] o.s.b.w.embedded.tomcat.TomcatWebServer  : Tomcat started on port 8081 (http) with context path '/'
2026-02-25T10:16:27.845+03:00  INFO 181240 --- [digital-wallet] [  restartedMain] c.w.d.DigitalWalletApplication           : Started DigitalWalletApplication in 16.688 seconds (process running for 18.398)
2026-02-25T10:16:28.299+03:00  INFO 181240 --- [digital-wallet] [nio-8081-exec-2] o.a.c.c.C.[Tomcat].[localhost].[/]       : Initializing Spring DispatcherServlet 'dispatcherServlet'
2026-02-25T10:16:28.300+03:00  INFO 181240 --- [digital-wallet] [nio-8081-exec-2] o.s.web.servlet.DispatcherServlet        : Initializing Servlet 'dispatcherServlet'
2026-02-25T10:16:28.306+03:00  INFO 181240 --- [digital-wallet] [nio-8081-exec-2] o.s.web.servlet.DispatcherServlet        : Completed initialization in 4 ms
2026-02-25T10:16:29.532+03:00  WARN 181240 --- [digital-wallet] [nio-8081-exec-1] o.h.engine.jdbc.spi.SqlExceptionHelper   : SQL Error: 0, SQLState: 23505
2026-02-25T10:16:29.532+03:00 ERROR 181240 --- [digital-wallet] [nio-8081-exec-1] o.h.engine.jdbc.spi.SqlExceptionHelper   : ERROR: duplicate key value violates unique constraint "ukin1xa1v3pcuete8f8lxa47btl"
  Detail: Key (full_name)=(Check User) already exists.
2026-02-25T10:16:29.572+03:00  WARN 181240 --- [digital-wallet] [nio-8081-exec-1] .m.m.a.ExceptionHandlerExceptionResolver : Resolved [org.springframework.dao.DataIntegrityViolationException: could not execute statement [ERROR: duplicate key value violates unique constraint "ukin1xa1v3pcuete8f8lxa47btl"<EOL>  Detail: Key (full_name)=(Check User) already exists.] [insert into users (created_at,email,full_name,phone_number,pin_hash,role,status,updated_at,username) values (?,?,?,?,?,?,?,?,?)]; SQL [insert into users (created_at,email,full_name,phone_number,pin_hash,role,status,updated_at,username) values (?,?,?,?,?,?,?,?,?)]; constraint [ukin1xa1v3pcuete8f8lxa47btl]]
